2022-11-08 10:48:27 0 [Note] InnoDB: Compressed tables use zlib 1.2.12
2022-11-08 10:48:27 0 [Note] InnoDB: Number of transaction pools: 1
2022-11-08 10:48:27 0 [Note] InnoDB: Using crc32 + pclmulqdq instructions
2022-11-08 10:48:27 0 [Note] InnoDB: Initializing buffer pool, total size = 1.964GiB, chunk size = 31.422MiB
2022-11-08 10:48:27 0 [Note] InnoDB: Completed initialization of buffer pool
2022-11-08 10:48:27 0 [Note] InnoDB: File system buffers for log disabled (block size=4096 bytes)
2022-11-08 10:48:27 0 [Note] InnoDB: 128 rollback segments are active.
2022-11-08 10:48:27 0 [Note] InnoDB: Setting file './ibtmp1' size to 12.000MiB. Physically writing the file full; Please wait ...
2022-11-08 10:48:27 0 [Note] InnoDB: File './ibtmp1' size is now 12.000MiB.
2022-11-08 10:48:27 0 [Note] InnoDB: log sequence number 46456; transaction id 14
2022-11-08 10:48:27 0 [Note] Plugin 'FEEDBACK' is disabled.
2022-11-08 10:48:27 0 [Note] InnoDB: Loading buffer pool(s) from C:\Program Files\MariaDB 10.11\data\ib_buffer_pool
2022-11-08 10:48:27 0 [Note] mysqld.exe: SSPI: using principal name 'localhost', mech 'Negotiate'
2022-11-08 10:48:27 0 [Note] InnoDB: Buffer pool(s) load completed at 221108 10:48:27
2022-11-08 10:48:27 0 [Note] Server socket created on IP: '::'.
2022-11-08 10:48:27 0 [Note] Server socket created on IP: '0.0.0.0'.
2022-11-08 10:48:27 0 [Note] C:\Program Files\MariaDB 10.11\bin\mysqld.exe: ready for connections.
Version: '10.11.0-MariaDB'  socket: ''  port: 3306  mariadb.org binary distribution
2022-11-08 11:17:04 6 [Warning] Aborted connection 6 to db: 'unconnected' user: 'root' host: 'localhost' (Got an error reading communication packets)
2022-11-08 11:17:55 8 [Warning] Aborted connection 8 to db: 'unconnected' user: 'root' host: 'localhost' (Got an error reading communication packets)
2022-11-08 11:17:57 9 [Warning] Aborted connection 9 to db: 'unconnected' user: 'root' host: 'localhost' (Got an error reading communication packets)
2022-11-08 11:17:58 10 [Warning] Aborted connection 10 to db: 'unconnected' user: 'root' host: 'localhost' (Got an error reading communication packets)
2022-11-08 11:17:59 11 [Warning] Aborted connection 11 to db: 'unconnected' user: 'root' host: 'localhost' (Got an error reading communication packets)
2022-11-08 11:17:59 12 [Warning] Aborted connection 12 to db: 'unconnected' user: 'root' host: 'localhost' (Got an error reading communication packets)
2022-11-08 11:18:00 13 [Warning] Aborted connection 13 to db: 'unconnected' user: 'root' host: 'localhost' (Got an error reading communication packets)
2022-11-08 11:23:58 5 [Warning] Aborted connection 5 to db: 'mydb' user: 'root' host: 'localhost' (Got an error reading communication packets)
2022-11-08 11:24:06 14 [Warning] Aborted connection 14 to db: 'mydb' user: 'root' host: 'localhost' (Got an error reading communication packets)
2022-11-09  9:42:53 0 [Note] Windows service "MariaDB":  received SERVICE_CONTROL_SHUTDOWN
2022-11-09  9:42:53 0 [Note] C:\Program Files\MariaDB 10.11\bin\mysqld.exe (initiated by: unknown): Normal shutdown
2022-11-09  9:42:53 0 [Note] InnoDB: FTS optimize thread exiting.
2022-11-09  9:42:53 0 [Note] InnoDB: Starting shutdown...
2022-11-09  9:42:53 0 [Note] InnoDB: Dumping buffer pool(s) to C:\Program Files\MariaDB 10.11\data\ib_buffer_pool
2022-11-09  9:42:53 0 [Note] InnoDB: Buffer pool(s) dump completed at 221109  9:42:53
2022-11-09  9:42:53 0 [Note] InnoDB: Removed temporary tablespace data file: "./ibtmp1"
2022-11-09  9:42:53 0 [Note] InnoDB: Shutdown completed; log sequence number 51301; transaction id 25
2022-11-09  9:42:53 0 [Note] C:\Program Files\MariaDB 10.11\bin\mysqld.exe: Shutdown complete

2022-11-09  9:43:18 0 [Note] InnoDB: Compressed tables use zlib 1.2.12
2022-11-09  9:43:18 0 [Note] InnoDB: Number of transaction pools: 1
2022-11-09  9:43:18 0 [Note] InnoDB: Using crc32 + pclmulqdq instructions
2022-11-09  9:43:18 0 [Note] InnoDB: Initializing buffer pool, total size = 1.964GiB, chunk size = 31.422MiB
2022-11-09  9:43:18 0 [Note] InnoDB: Completed initialization of buffer pool
2022-11-09  9:43:18 0 [Note] InnoDB: File system buffers for log disabled (block size=4096 bytes)
2022-11-09  9:43:18 0 [Note] InnoDB: 128 rollback segments are active.
2022-11-09  9:43:18 0 [Note] InnoDB: Setting file './ibtmp1' size to 12.000MiB. Physically writing the file full; Please wait ...
2022-11-09  9:43:18 0 [Note] InnoDB: File './ibtmp1' size is now 12.000MiB.
2022-11-09  9:43:18 0 [Note] InnoDB: log sequence number 51301; transaction id 24
2022-11-09  9:43:18 0 [Note] Plugin 'FEEDBACK' is disabled.
2022-11-09  9:43:18 0 [Note] InnoDB: Loading buffer pool(s) from C:\Program Files\MariaDB 10.11\data\ib_buffer_pool
2022-11-09  9:43:18 0 [Note] mysqld.exe: SSPI: using principal name 'localhost', mech 'Negotiate'
2022-11-09  9:43:18 0 [Note] InnoDB: Buffer pool(s) load completed at 221109  9:43:18
2022-11-09  9:43:18 0 [Note] Server socket created on IP: '::'.
2022-11-09  9:43:18 0 [Note] Server socket created on IP: '0.0.0.0'.
2022-11-09  9:43:18 0 [Note] C:\Program Files\MariaDB 10.11\bin\mysqld.exe: ready for connections.
Version: '10.11.0-MariaDB'  socket: ''  port: 3306  mariadb.org binary distribution
2022-11-10 15:29:53 3 [Warning] Access denied for user 'dkf3r'@'localhost' (using password: NO)
2022-11-10 16:36:06 4 [Warning] Aborted connection 4 to db: 'mydb' user: 'root' host: 'localhost' (Got an error reading communication packets)
2022-11-10 16:36:11 7 [Warning] Aborted connection 7 to db: 'mydb' user: 'root' host: 'localhost' (Got an error reading communication packets)
2022-11-10 16:36:11 9 [Warning] Aborted connection 9 to db: 'mydb' user: 'root' host: 'localhost' (Got an error reading communication packets)
2022-11-10 16:36:11 5 [Warning] Aborted connection 5 to db: 'mydb' user: 'root' host: 'localhost' (Got an error reading communication packets)
2022-11-15 15:15:44 0 [Note] Windows service "MariaDB":  received SERVICE_CONTROL_SHUTDOWN
2022-11-15 15:15:44 0 [Note] C:\Program Files\MariaDB 10.11\bin\mysqld.exe (initiated by: unknown): Normal shutdown
2022-11-15 15:15:44 0 [Note] InnoDB: FTS optimize thread exiting.
2022-11-15 15:15:44 0 [Note] InnoDB: Starting shutdown...
2022-11-15 15:15:44 0 [Note] InnoDB: Dumping buffer pool(s) to C:\Program Files\MariaDB 10.11\data\ib_buffer_pool
2022-11-15 15:15:44 0 [Note] InnoDB: Buffer pool(s) dump completed at 221115 15:15:44
2022-11-15 15:15:44 0 [Note] InnoDB: Removed temporary tablespace data file: "./ibtmp1"
2022-11-15 15:15:44 0 [Note] InnoDB: Shutdown completed; log sequence number 61684; transaction id 55
2022-11-15 15:15:44 0 [Note] C:\Program Files\MariaDB 10.11\bin\mysqld.exe: Shutdown complete

2022-11-15 15:16:10 0 [Note] InnoDB: Compressed tables use zlib 1.2.12
2022-11-15 15:16:10 0 [Note] InnoDB: Number of transaction pools: 1
2022-11-15 15:16:10 0 [Note] InnoDB: Using crc32 + pclmulqdq instructions
2022-11-15 15:16:10 0 [Note] InnoDB: Initializing buffer pool, total size = 1.964GiB, chunk size = 31.422MiB
2022-11-15 15:16:10 0 [Note] InnoDB: Completed initialization of buffer pool
2022-11-15 15:16:10 0 [Note] InnoDB: File system buffers for log disabled (block size=4096 bytes)
2022-11-15 15:16:10 0 [Note] InnoDB: 128 rollback segments are active.
2022-11-15 15:16:10 0 [Note] InnoDB: Setting file './ibtmp1' size to 12.000MiB. Physically writing the file full; Please wait ...
2022-11-15 15:16:10 0 [Note] InnoDB: File './ibtmp1' size is now 12.000MiB.
2022-11-15 15:16:10 0 [Note] InnoDB: log sequence number 61684; transaction id 56
2022-11-15 15:16:10 0 [Note] Plugin 'FEEDBACK' is disabled.
2022-11-15 15:16:10 0 [Note] mysqld.exe: SSPI: using principal name 'localhost', mech 'Negotiate'
2022-11-15 15:16:10 0 [Note] InnoDB: Loading buffer pool(s) from C:\Program Files\MariaDB 10.11\data\ib_buffer_pool
2022-11-15 15:16:10 0 [Note] InnoDB: Buffer pool(s) load completed at 221115 15:16:10
2022-11-15 15:16:10 0 [Note] Server socket created on IP: '::'.
2022-11-15 15:16:10 0 [Note] Server socket created on IP: '0.0.0.0'.
2022-11-15 15:16:10 0 [Note] C:\Program Files\MariaDB 10.11\bin\mysqld.exe: ready for connections.
Version: '10.11.0-MariaDB'  socket: ''  port: 3306  mariadb.org binary distribution
2022-11-15 15:17:15 0 [Note] Windows service "MariaDB":  received SERVICE_CONTROL_SHUTDOWN
2022-11-15 15:17:15 0 [Note] C:\Program Files\MariaDB 10.11\bin\mysqld.exe (initiated by: unknown): Normal shutdown
2022-11-15 15:17:15 0 [Note] InnoDB: FTS optimize thread exiting.
2022-11-15 15:17:15 0 [Note] InnoDB: Starting shutdown...
2022-11-15 15:17:15 0 [Note] InnoDB: Dumping buffer pool(s) to C:\Program Files\MariaDB 10.11\data\ib_buffer_pool
2022-11-15 15:17:15 0 [Note] InnoDB: Buffer pool(s) dump completed at 221115 15:17:15
2022-11-15 15:17:15 0 [Note] InnoDB: Removed temporary tablespace data file: "./ibtmp1"
2022-11-15 15:17:15 0 [Note] InnoDB: Shutdown completed; log sequence number 61684; transaction id 57
2022-11-15 15:17:15 0 [Note] C:\Program Files\MariaDB 10.11\bin\mysqld.exe: Shutdown complete

2022-11-16 13:09:27 0 [Note] InnoDB: Compressed tables use zlib 1.2.12
2022-11-16 13:09:27 0 [Note] InnoDB: Number of transaction pools: 1
2022-11-16 13:09:27 0 [Note] InnoDB: Using crc32 + pclmulqdq instructions
2022-11-16 13:09:27 0 [Note] InnoDB: Initializing buffer pool, total size = 1.964GiB, chunk size = 31.422MiB
2022-11-16 13:09:27 0 [Note] InnoDB: Completed initialization of buffer pool
2022-11-16 13:09:27 0 [Note] InnoDB: File system buffers for log disabled (block size=4096 bytes)
2022-11-16 13:09:27 0 [Note] InnoDB: 128 rollback segments are active.
2022-11-16 13:09:27 0 [Note] InnoDB: Setting file './ibtmp1' size to 12.000MiB. Physically writing the file full; Please wait ...
2022-11-16 13:09:27 0 [Note] InnoDB: File './ibtmp1' size is now 12.000MiB.
2022-11-16 13:09:27 0 [Note] InnoDB: log sequence number 61684; transaction id 56
2022-11-16 13:09:27 0 [Note] Plugin 'FEEDBACK' is disabled.
2022-11-16 13:09:27 0 [Note] mysqld.exe: SSPI: using principal name 'localhost', mech 'Negotiate'
2022-11-16 13:09:27 0 [Note] InnoDB: Loading buffer pool(s) from C:\Program Files\MariaDB 10.11\data\ib_buffer_pool
2022-11-16 13:09:27 0 [Note] Server socket created on IP: '::'.
2022-11-16 13:09:27 0 [Note] Server socket created on IP: '0.0.0.0'.
2022-11-16 13:09:27 0 [Note] InnoDB: Buffer pool(s) load completed at 221116 13:09:27
2022-11-16 13:09:27 0 [Note] C:\Program Files\MariaDB 10.11\bin\mysqld.exe: ready for connections.
Version: '10.11.0-MariaDB'  socket: ''  port: 3306  mariadb.org binary distribution
2022-12-07 14:20:47 32 [Warning] Aborted connection 32 to db: 'mydb' user: 'root' host: 'localhost' (Got an error reading communication packets)
2022-12-07 14:20:47 31 [Warning] Aborted connection 31 to db: 'mydb' user: 'root' host: 'localhost' (Got an error reading communication packets)
2022-12-07 14:20:47 34 [Warning] Aborted connection 34 to db: 'mydb' user: 'root' host: 'localhost' (Got an error reading communication packets)
2022-12-07 14:20:47 30 [Warning] Aborted connection 30 to db: 'mydb' user: 'root' host: 'localhost' (Got an error reading communication packets)
2022-12-07 14:20:47 26 [Warning] Aborted connection 26 to db: 'mydb' user: 'root' host: 'localhost' (Got an error reading communication packets)
2022-12-07 14:20:47 28 [Warning] Aborted connection 28 to db: 'mydb' user: 'root' host: 'localhost' (Got an error reading communication packets)
2022-12-07 14:20:47 29 [Warning] Aborted connection 29 to db: 'mydb' user: 'root' host: 'localhost' (Got an error reading communication packets)
2022-12-07 14:20:47 25 [Warning] Aborted connection 25 to db: 'mydb' user: 'root' host: 'localhost' (Got an error reading communication packets)
2022-12-07 14:20:47 27 [Warning] Aborted connection 27 to db: 'mydb' user: 'root' host: 'localhost' (Got an error reading communication packets)
2022-12-07 14:20:47 33 [Warning] Aborted connection 33 to db: 'mydb' user: 'root' host: 'localhost' (Got an error reading communication packets)
2022-12-07 15:10:16 56 [Warning] Aborted connection 56 to db: 'mydb' user: 'root' host: 'localhost' (Got an error reading communication packets)
2022-12-07 15:10:16 63 [Warning] Aborted connection 63 to db: 'mydb' user: 'root' host: 'localhost' (Got an error reading communication packets)
2022-12-07 15:10:16 57 [Warning] Aborted connection 57 to db: 'mydb' user: 'root' host: 'localhost' (Got an error reading communication packets)
2022-12-07 15:10:16 62 [Warning] Aborted connection 62 to db: 'mydb' user: 'root' host: 'localhost' (Got an error reading communication packets)
2022-12-07 15:10:16 60 [Warning] Aborted connection 60 to db: 'mydb' user: 'root' host: 'localhost' (Got an error reading communication packets)
2022-12-07 15:10:16 59 [Warning] Aborted connection 59 to db: 'mydb' user: 'root' host: 'localhost' (Got an error reading communication packets)
2022-12-07 15:10:16 61 [Warning] Aborted connection 61 to db: 'mydb' user: 'root' host: 'localhost' (Got an error reading communication packets)
2022-12-07 15:10:16 58 [Warning] Aborted connection 58 to db: 'mydb' user: 'root' host: 'localhost' (Got an error reading communication packets)
2022-12-07 15:10:16 64 [Warning] Aborted connection 64 to db: 'mydb' user: 'root' host: 'localhost' (Got an error reading communication packets)
2022-12-07 15:10:16 55 [Warning] Aborted connection 55 to db: 'mydb' user: 'root' host: 'localhost' (Got an error reading communication packets)
2022-12-07 15:17:58 95 [Warning] Aborted connection 95 to db: 'mydb' user: 'root' host: 'localhost' (Got an error reading communication packets)
2022-12-07 15:17:58 94 [Warning] Aborted connection 94 to db: 'mydb' user: 'root' host: 'localhost' (Got an error reading communication packets)
2022-12-07 15:17:58 93 [Warning] Aborted connection 93 to db: 'mydb' user: 'root' host: 'localhost' (Got an error reading communication packets)
2022-12-07 15:17:58 92 [Warning] Aborted connection 92 to db: 'mydb' user: 'root' host: 'localhost' (Got an error reading communication packets)
2022-12-07 15:17:58 91 [Warning] Aborted connection 91 to db: 'mydb' user: 'root' host: 'localhost' (Got an error reading communication packets)
2022-12-07 15:17:58 90 [Warning] Aborted connection 90 to db: 'mydb' user: 'root' host: 'localhost' (Got an error reading communication packets)
2022-12-07 15:17:58 89 [Warning] Aborted connection 89 to db: 'mydb' user: 'root' host: 'localhost' (Got an error reading communication packets)
2022-12-07 15:17:58 88 [Warning] Aborted connection 88 to db: 'mydb' user: 'root' host: 'localhost' (Got an error reading communication packets)
2022-12-07 15:17:58 86 [Warning] Aborted connection 86 to db: 'mydb' user: 'root' host: 'localhost' (Got an error reading communication packets)
2022-12-07 15:17:58 87 [Warning] Aborted connection 87 to db: 'mydb' user: 'root' host: 'localhost' (Got an error reading communication packets)
2022-12-07 16:04:49 146 [Warning] Aborted connection 146 to db: 'mydb' user: 'root' host: 'localhost' (Got an error reading communication packets)
2022-12-07 16:04:49 144 [Warning] Aborted connection 144 to db: 'mydb' user: 'root' host: 'localhost' (Got an error reading communication packets)
2022-12-07 16:04:49 151 [Warning] Aborted connection 151 to db: 'mydb' user: 'root' host: 'localhost' (Got an error reading communication packets)
2022-12-07 16:04:49 155 [Warning] Aborted connection 155 to db: 'mydb' user: 'root' host: 'localhost' (Got an error reading communication packets)
2022-12-07 16:04:49 142 [Warning] Aborted connection 142 to db: 'mydb' user: 'root' host: 'localhost' (Got an error reading communication packets)
2022-12-07 16:04:49 143 [Warning] Aborted connection 143 to db: 'mydb' user: 'root' host: 'localhost' (Got an error reading communication packets)
2022-12-07 16:04:49 153 [Warning] Aborted connection 153 to db: 'mydb' user: 'root' host: 'localhost' (Got an error reading communication packets)
2022-12-07 16:04:49 150 [Warning] Aborted connection 150 to db: 'mydb' user: 'root' host: 'localhost' (Got an error reading communication packets)
2022-12-07 16:04:49 145 [Warning] Aborted connection 145 to db: 'mydb' user: 'root' host: 'localhost' (Got an error reading communication packets)
2022-12-07 16:04:49 141 [Warning] Aborted connection 141 to db: 'mydb' user: 'root' host: 'localhost' (Got an error reading communication packets)
2022-12-07 16:04:49 156 [Warning] Aborted connection 156 to db: 'mydb' user: 'root' host: 'localhost' (Got an error reading communication packets)
2022-12-07 16:04:49 152 [Warning] Aborted connection 152 to db: 'mydb' user: 'root' host: 'localhost' (Got an error reading communication packets)
2022-12-07 16:04:49 140 [Warning] Aborted connection 140 to db: 'mydb' user: 'root' host: 'localhost' (Got an error reading communication packets)
2022-12-07 16:04:49 139 [Warning] Aborted connection 139 to db: 'mydb' user: 'root' host: 'localhost' (Got an error reading communication packets)
2022-12-07 16:04:49 154 [Warning] Aborted connection 154 to db: 'mydb' user: 'root' host: 'localhost' (Got an error reading communication packets)
2022-12-07 16:04:49 148 [Warning] Aborted connection 148 to db: 'mydb' user: 'root' host: 'localhost' (Got an error reading communication packets)
2022-12-07 16:04:49 147 [Warning] Aborted connection 147 to db: 'mydb' user: 'root' host: 'localhost' (Got an error reading communication packets)
2022-12-07 16:04:49 149 [Warning] Aborted connection 149 to db: 'mydb' user: 'root' host: 'localhost' (Got an error reading communication packets)
2022-12-07 16:04:49 138 [Warning] Aborted connection 138 to db: 'mydb' user: 'root' host: 'localhost' (Got an error reading communication packets)
2022-12-07 16:04:49 157 [Warning] Aborted connection 157 to db: 'mydb' user: 'root' host: 'localhost' (Got an error reading communication packets)
2022-12-07 16:04:53 24 [Warning] Aborted connection 24 to db: 'mydb' user: 'root' host: 'localhost' (Got an error reading communication packets)
2022-12-08 15:07:37 193 [Warning] Aborted connection 193 to db: 'unconnected' user: 'root' host: 'localhost' (Got an error reading communication packets)
2022-12-08 15:52:32 205 [Warning] Aborted connection 205 to db: 'mydb' user: 'root' host: 'localhost' (Got an error reading communication packets)
2022-12-08 15:52:32 200 [Warning] Aborted connection 200 to db: 'mydb' user: 'root' host: 'localhost' (Got an error reading communication packets)
2022-12-08 15:52:32 206 [Warning] Aborted connection 206 to db: 'mydb' user: 'root' host: 'localhost' (Got an error reading communication packets)
2022-12-08 15:52:32 199 [Warning] Aborted connection 199 to db: 'mydb' user: 'root' host: 'localhost' (Got an error reading communication packets)
2022-12-08 15:52:32 204 [Warning] Aborted connection 204 to db: 'mydb' user: 'root' host: 'localhost' (Got an error reading communication packets)
2022-12-08 15:52:32 208 [Warning] Aborted connection 208 to db: 'mydb' user: 'root' host: 'localhost' (Got an error reading communication packets)
2022-12-08 15:52:32 207 [Warning] Aborted connection 207 to db: 'mydb' user: 'root' host: 'localhost' (Got an error reading communication packets)
2022-12-08 15:52:32 202 [Warning] Aborted connection 202 to db: 'mydb' user: 'root' host: 'localhost' (Got an error reading communication packets)
2022-12-08 15:52:32 201 [Warning] Aborted connection 201 to db: 'mydb' user: 'root' host: 'localhost' (Got an error reading communication packets)
2022-12-08 15:52:32 194 [Warning] Aborted connection 194 to db: 'mydb' user: 'root' host: 'localhost' (Got an error reading communication packets)
2022-12-08 15:52:32 203 [Warning] Aborted connection 203 to db: 'mydb' user: 'root' host: 'localhost' (Got an error reading communication packets)
2022-12-14 11:22:02 240 [Warning] Aborted connection 240 to db: 'mydb' user: 'root' host: 'localhost' (Got an error reading communication packets)
2022-12-14 11:22:04 289 [Warning] Aborted connection 289 to db: 'mydb' user: 'root' host: 'localhost' (Got an error reading communication packets)
2022-12-14 11:22:04 246 [Warning] Aborted connection 246 to db: 'mydb' user: 'root' host: 'localhost' (Got an error reading communication packets)
2022-12-14 11:22:04 245 [Warning] Aborted connection 245 to db: 'mydb' user: 'root' host: 'localhost' (Got an error reading communication packets)
2022-12-14 11:22:25 269 [Warning] Aborted connection 269 to db: 'mydb' user: 'root' host: 'localhost' (Got an error reading communication packets)
2022-12-14 11:22:25 270 [Warning] Aborted connection 270 to db: 'mydb' user: 'root' host: 'localhost' (Got an error reading communication packets)
2022-12-14 11:22:25 272 [Warning] Aborted connection 272 to db: 'mydb' user: 'root' host: 'localhost' (Got an error reading communication packets)
2022-12-14 11:22:25 278 [Warning] Aborted connection 278 to db: 'mydb' user: 'root' host: 'localhost' (Got an error reading communication packets)
2022-12-14 11:22:25 271 [Warning] Aborted connection 271 to db: 'mydb' user: 'root' host: 'localhost' (Got an error reading communication packets)
2022-12-14 11:22:25 277 [Warning] Aborted connection 277 to db: 'mydb' user: 'root' host: 'localhost' (Got an error reading communication packets)
2022-12-14 11:22:25 276 [Warning] Aborted connection 276 to db: 'mydb' user: 'root' host: 'localhost' (Got an error reading communication packets)
2022-12-14 11:22:25 275 [Warning] Aborted connection 275 to db: 'mydb' user: 'root' host: 'localhost' (Got an error reading communication packets)
2022-12-14 11:22:25 274 [Warning] Aborted connection 274 to db: 'mydb' user: 'root' host: 'localhost' (Got an error reading communication packets)
2022-12-14 11:22:25 273 [Warning] Aborted connection 273 to db: 'mydb' user: 'root' host: 'localhost' (Got an error reading communication packets)
2022-12-14 15:28:41 291 [Warning] Aborted connection 291 to db: 'mydb' user: 'root' host: 'localhost' (Got an error reading communication packets)
2022-12-14 15:28:41 296 [Warning] Aborted connection 296 to db: 'mydb' user: 'root' host: 'localhost' (Got an error reading communication packets)
2022-12-14 15:28:41 299 [Warning] Aborted connection 299 to db: 'mydb' user: 'root' host: 'localhost' (Got an error reading communication packets)
2022-12-14 15:28:41 298 [Warning] Aborted connection 298 to db: 'mydb' user: 'root' host: 'localhost' (Got an error reading communication packets)
2022-12-14 15:28:41 297 [Warning] Aborted connection 297 to db: 'mydb' user: 'root' host: 'localhost' (Got an error reading communication packets)
2022-12-14 15:28:41 300 [Warning] Aborted connection 300 to db: 'mydb' user: 'root' host: 'localhost' (Got an error reading communication packets)
2022-12-14 15:28:41 295 [Warning] Aborted connection 295 to db: 'mydb' user: 'root' host: 'localhost' (Got an error reading communication packets)
2022-12-14 15:28:41 294 [Warning] Aborted connection 294 to db: 'mydb' user: 'root' host: 'localhost' (Got an error reading communication packets)
2022-12-14 15:28:41 293 [Warning] Aborted connection 293 to db: 'mydb' user: 'root' host: 'localhost' (Got an error reading communication packets)
2022-12-14 15:28:41 292 [Warning] Aborted connection 292 to db: 'mydb' user: 'root' host: 'localhost' (Got an error reading communication packets)
2022-12-15 11:05:18 0 [Note] Windows service "MariaDB":  received SERVICE_CONTROL_SHUTDOWN
2022-12-15 11:05:18 0 [Note] C:\Program Files\MariaDB 10.11\bin\mysqld.exe (initiated by: unknown): Normal shutdown
2022-12-15 11:05:18 0 [Note] InnoDB: FTS optimize thread exiting.
2022-12-15 11:05:18 0 [Note] InnoDB: Starting shutdown...
2022-12-15 11:05:18 0 [Note] InnoDB: Dumping buffer pool(s) to C:\Program Files\MariaDB 10.11\data\ib_buffer_pool
2022-12-15 11:05:18 0 [Note] InnoDB: Buffer pool(s) dump completed at 221215 11:05:18
2022-12-15 11:05:18 0 [Note] InnoDB: Removed temporary tablespace data file: "./ibtmp1"
2022-12-15 11:05:18 0 [Note] InnoDB: Shutdown completed; log sequence number 74676; transaction id 99
2022-12-15 11:05:18 0 [Note] C:\Program Files\MariaDB 10.11\bin\mysqld.exe: Shutdown complete

2022-12-15 11:05:46 0 [Note] InnoDB: Compressed tables use zlib 1.2.12
2022-12-15 11:05:46 0 [Note] InnoDB: Number of transaction pools: 1
2022-12-15 11:05:46 0 [Note] InnoDB: Using crc32 + pclmulqdq instructions
2022-12-15 11:05:46 0 [Note] InnoDB: Initializing buffer pool, total size = 1.964GiB, chunk size = 31.422MiB
2022-12-15 11:05:46 0 [Note] InnoDB: Completed initialization of buffer pool
2022-12-15 11:05:46 0 [Note] InnoDB: File system buffers for log disabled (block size=4096 bytes)
2022-12-15 11:05:46 0 [Note] InnoDB: 128 rollback segments are active.
2022-12-15 11:05:46 0 [Note] InnoDB: Setting file './ibtmp1' size to 12.000MiB. Physically writing the file full; Please wait ...
2022-12-15 11:05:46 0 [Note] InnoDB: File './ibtmp1' size is now 12.000MiB.
2022-12-15 11:05:46 0 [Note] InnoDB: log sequence number 74676; transaction id 100
2022-12-15 11:05:46 0 [Note] Plugin 'FEEDBACK' is disabled.
2022-12-15 11:05:46 0 [Note] mysqld.exe: SSPI: using principal name 'localhost', mech 'Negotiate'
2022-12-15 11:05:46 0 [Note] Server socket created on IP: '::'.
2022-12-15 11:05:46 0 [Note] Server socket created on IP: '0.0.0.0'.
2022-12-15 11:05:46 0 [Note] InnoDB: Loading buffer pool(s) from C:\Program Files\MariaDB 10.11\data\ib_buffer_pool
2022-12-15 11:05:46 0 [Note] InnoDB: Buffer pool(s) load completed at 221215 11:05:46
2022-12-15 11:05:46 0 [Note] C:\Program Files\MariaDB 10.11\bin\mysqld.exe: ready for connections.
Version: '10.11.0-MariaDB'  socket: ''  port: 3306  mariadb.org binary distribution
2022-12-15 11:50:11 0 [Note] Windows service "MariaDB":  received SERVICE_CONTROL_SHUTDOWN
2022-12-15 11:50:11 0 [Note] C:\Program Files\MariaDB 10.11\bin\mysqld.exe (initiated by: unknown): Normal shutdown
2022-12-15 11:50:11 0 [Note] InnoDB: FTS optimize thread exiting.
2022-12-15 11:50:11 0 [Note] InnoDB: Starting shutdown...
2022-12-15 11:50:11 0 [Note] InnoDB: Dumping buffer pool(s) to C:\Program Files\MariaDB 10.11\data\ib_buffer_pool
2022-12-15 11:50:11 0 [Note] InnoDB: Buffer pool(s) dump completed at 221215 11:50:11
2022-12-15 11:50:11 0 [Note] InnoDB: Removed temporary tablespace data file: "./ibtmp1"
2022-12-15 11:50:11 0 [Note] InnoDB: Shutdown completed; log sequence number 74676; transaction id 101
2022-12-15 11:50:11 0 [Note] C:\Program Files\MariaDB 10.11\bin\mysqld.exe: Shutdown complete

2022-12-15 11:50:35 0 [Note] InnoDB: Compressed tables use zlib 1.2.12
2022-12-15 11:50:35 0 [Note] InnoDB: Number of transaction pools: 1
2022-12-15 11:50:35 0 [Note] InnoDB: Using crc32 + pclmulqdq instructions
2022-12-15 11:50:35 0 [Note] InnoDB: Initializing buffer pool, total size = 1.964GiB, chunk size = 31.422MiB
2022-12-15 11:50:35 0 [Note] InnoDB: Completed initialization of buffer pool
2022-12-15 11:50:35 0 [Note] InnoDB: File system buffers for log disabled (block size=4096 bytes)
2022-12-15 11:50:35 0 [Note] InnoDB: 128 rollback segments are active.
2022-12-15 11:50:35 0 [Note] InnoDB: Setting file './ibtmp1' size to 12.000MiB. Physically writing the file full; Please wait ...
2022-12-15 11:50:35 0 [Note] InnoDB: File './ibtmp1' size is now 12.000MiB.
2022-12-15 11:50:35 0 [Note] InnoDB: log sequence number 74676; transaction id 100
2022-12-15 11:50:35 0 [Note] Plugin 'FEEDBACK' is disabled.
2022-12-15 11:50:35 0 [Note] mysqld.exe: SSPI: using principal name 'localhost', mech 'Negotiate'
2022-12-15 11:50:35 0 [Note] InnoDB: Loading buffer pool(s) from C:\Program Files\MariaDB 10.11\data\ib_buffer_pool
2022-12-15 11:50:35 0 [Note] Server socket created on IP: '::'.
2022-12-15 11:50:35 0 [Note] Server socket created on IP: '0.0.0.0'.
2022-12-15 11:50:35 0 [Note] InnoDB: Buffer pool(s) load completed at 221215 11:50:35
2022-12-15 11:50:35 0 [Note] C:\Program Files\MariaDB 10.11\bin\mysqld.exe: ready for connections.
Version: '10.11.0-MariaDB'  socket: ''  port: 3306  mariadb.org binary distribution
2022-12-15 11:50:59 0 [Note] Windows service "MariaDB":  received SERVICE_CONTROL_SHUTDOWN
2022-12-15 11:50:59 0 [Note] C:\Program Files\MariaDB 10.11\bin\mysqld.exe (initiated by: unknown): Normal shutdown
2022-12-15 11:50:59 0 [Note] InnoDB: FTS optimize thread exiting.
2022-12-15 11:50:59 0 [Note] InnoDB: Starting shutdown...
2022-12-15 11:50:59 0 [Note] InnoDB: Dumping buffer pool(s) to C:\Program Files\MariaDB 10.11\data\ib_buffer_pool
2022-12-15 11:50:59 0 [Note] InnoDB: Buffer pool(s) dump completed at 221215 11:50:59
2022-12-15 11:50:59 0 [Note] InnoDB: Removed temporary tablespace data file: "./ibtmp1"
2022-12-15 11:50:59 0 [Note] InnoDB: Shutdown completed; log sequence number 74676; transaction id 101
2022-12-15 11:50:59 0 [Note] C:\Program Files\MariaDB 10.11\bin\mysqld.exe: Shutdown complete

2022-12-15 11:51:22 0 [Note] InnoDB: Compressed tables use zlib 1.2.12
2022-12-15 11:51:22 0 [Note] InnoDB: Number of transaction pools: 1
2022-12-15 11:51:22 0 [Note] InnoDB: Using crc32 + pclmulqdq instructions
2022-12-15 11:51:22 0 [Note] InnoDB: Initializing buffer pool, total size = 1.964GiB, chunk size = 31.422MiB
2022-12-15 11:51:22 0 [Note] InnoDB: Completed initialization of buffer pool
2022-12-15 11:51:22 0 [Note] InnoDB: File system buffers for log disabled (block size=4096 bytes)
2022-12-15 11:51:22 0 [Note] InnoDB: 128 rollback segments are active.
2022-12-15 11:51:22 0 [Note] InnoDB: Setting file './ibtmp1' size to 12.000MiB. Physically writing the file full; Please wait ...
2022-12-15 11:51:22 0 [Note] InnoDB: File './ibtmp1' size is now 12.000MiB.
2022-12-15 11:51:22 0 [Note] InnoDB: log sequence number 74676; transaction id 100
2022-12-15 11:51:22 0 [Note] Plugin 'FEEDBACK' is disabled.
2022-12-15 11:51:22 0 [Note] mysqld.exe: SSPI: using principal name 'localhost', mech 'Negotiate'
2022-12-15 11:51:22 0 [Note] InnoDB: Loading buffer pool(s) from C:\Program Files\MariaDB 10.11\data\ib_buffer_pool
2022-12-15 11:51:22 0 [Note] InnoDB: Buffer pool(s) load completed at 221215 11:51:22
2022-12-15 11:51:22 0 [Note] Server socket created on IP: '::'.
2022-12-15 11:51:22 0 [Note] Server socket created on IP: '0.0.0.0'.
2022-12-15 11:51:22 0 [Note] C:\Program Files\MariaDB 10.11\bin\mysqld.exe: ready for connections.
Version: '10.11.0-MariaDB'  socket: ''  port: 3306  mariadb.org binary distribution
